<?xml version="1.0" encoding="UTF-8" ?>
<testsuites>
  <testsuite errors="0" failures="0" hostname="guthierrezsouza" id="0" name="PontoServiceSpec" package="controledeponto" tests="3" time="0.297" timestamp="2017-06-26T15:08:17">
      <properties />

      <testcase classname="controledeponto.PontoServiceSpec" name="teste cadastro ponto funcionario" time="0.176" />

      <testcase classname="controledeponto.PontoServiceSpec" name="teste registro ponto menor que ultimo ponto cadastrado" time="0.048" />

      <testcase classname="controledeponto.PontoServiceSpec" name="teste busca de pontos por funcionario e periodo" time="0.059" />

      <system-out><![CDATA[--Output from teste cadastro ponto funcionario--
--Output from teste registro ponto menor que ultimo ponto cadastrado--
--Output from teste busca de pontos por funcionario e periodo--
]]></system-out>

      <system-err><![CDATA[--Output from teste cadastro ponto funcionario--
--Output from teste registro ponto menor que ultimo ponto cadastrado--
--Output from teste busca de pontos por funcionario e periodo--
]]></system-err>

  </testsuite>
  <testsuite errors="0" failures="0" hostname="guthierrezsouza" id="1" name="RequisicaoPontoServiceSpec" package="controledeponto" tests="3" time="2.621" timestamp="2017-06-26T15:08:14">
      <properties />

      <testcase classname="controledeponto.RequisicaoPontoServiceSpec" name="teste da aprovação de uma requisicão de ponto passado" time="2.427" />

      <testcase classname="controledeponto.RequisicaoPontoServiceSpec" name="teste da reprovação de uma requisicão de ponto passado" time="0.099" />

      <testcase classname="controledeponto.RequisicaoPontoServiceSpec" name="teste da modificação de uma requisicão de ponto já aprovada ou reprovada" time="0.063" />

      <system-out><![CDATA[--Output from teste da aprovação de uma requisicão de ponto passado--
--Output from teste da reprovação de uma requisicão de ponto passado--
--Output from teste da modificação de uma requisicão de ponto já aprovada ou reprovada--
]]></system-out>

      <system-err><![CDATA[--Output from teste da aprovação de uma requisicão de ponto passado--
--Output from teste da reprovação de uma requisicão de ponto passado--
--Output from teste da modificação de uma requisicão de ponto já aprovada ou reprovada--
]]></system-err>

  </testsuite>
  <testsuite errors="0" failures="0" hostname="guthierrezsouza" id="2" name="SalarioServiceSpec" package="controledeponto" tests="22" time="0.499" timestamp="2017-06-26T15:08:17">
      <properties />

      <testcase classname="controledeponto.SalarioServiceSpec" name="teste valor salário do dia em dias uteis com bonus de horas extras comum[0]" time="0.134" />

      <testcase classname="controledeponto.SalarioServiceSpec" name="teste valor salário do dia em dias uteis com bonus de horas extras comum[1]" time="0.013" />

      <testcase classname="controledeponto.SalarioServiceSpec" name="teste valor salário do dia em dias uteis com bonus de horas extras comum[2]" time="0.014" />

      <testcase classname="controledeponto.SalarioServiceSpec" name="teste valor salário do dia em dias uteis com bonus de horas extras comum[3]" time="0.012" />

      <testcase classname="controledeponto.SalarioServiceSpec" name="teste valor salário do dia em dias uteis com bonus de horas extras comum[4]" time="0.012" />

      <testcase classname="controledeponto.SalarioServiceSpec" name="teste valor salário do dia em dias uteis com bonus de horas extras comum[5]" time="0.013" />

      <testcase classname="controledeponto.SalarioServiceSpec" name="teste valor salário em domingos e feriados (dias nao uteis) com bonus de hora dobrada[0]" time="0.018" />

      <testcase classname="controledeponto.SalarioServiceSpec" name="teste valor salário em domingos e feriados (dias nao uteis) com bonus de hora dobrada[1]" time="0.013" />

      <testcase classname="controledeponto.SalarioServiceSpec" name="teste valor salário em domingos e feriados (dias nao uteis) com bonus de hora dobrada[2]" time="0.013" />

      <testcase classname="controledeponto.SalarioServiceSpec" name="teste valor salário em domingos e feriados (dias nao uteis) com bonus de hora dobrada[3]" time="0.016" />

      <testcase classname="controledeponto.SalarioServiceSpec" name="teste valor salário em domingos e feriados (dias nao uteis) com bonus de hora dobrada[4]" time="0.012" />

      <testcase classname="controledeponto.SalarioServiceSpec" name="teste valor salário em domingos e feriados (dias nao uteis) com bonus de hora dobrada[5]" time="0.011" />

      <testcase classname="controledeponto.SalarioServiceSpec" name="teste valor salário em dias uteis com bonus de hora extra comum e adicional noturno[0]" time="0.011" />

      <testcase classname="controledeponto.SalarioServiceSpec" name="teste valor salário em dias uteis com bonus de hora extra comum e adicional noturno[1]" time="0.01" />

      <testcase classname="controledeponto.SalarioServiceSpec" name="teste valor salário em dias uteis com bonus de hora extra comum e adicional noturno[2]" time="0.01" />

      <testcase classname="controledeponto.SalarioServiceSpec" name="teste valor salário em dias uteis com bonus de hora extra comum e adicional noturno[3]" time="0.013" />

      <testcase classname="controledeponto.SalarioServiceSpec" name="teste valor salário em dias uteis com bonus de hora extra comum e adicional noturno[4]" time="0.008" />

      <testcase classname="controledeponto.SalarioServiceSpec" name="teste valor salário em dias uteis com bonus de hora extra comum e adicional noturno[5]" time="0.009" />

      <testcase classname="controledeponto.SalarioServiceSpec" name="teste data de inicio do relatorio mensal[0]" time="0.078" />

      <testcase classname="controledeponto.SalarioServiceSpec" name="teste data de inicio do relatorio mensal[1]" time="0.014" />

      <testcase classname="controledeponto.SalarioServiceSpec" name="teste data final do relatorio mensal[0]" time="0.023" />

      <testcase classname="controledeponto.SalarioServiceSpec" name="teste data final do relatorio mensal[1]" time="0.019" />

      <system-out><![CDATA[--Output from teste valor salário do dia em dias uteis com bonus de horas extras comum[0]--
--Output from teste valor salário do dia em dias uteis com bonus de horas extras comum[1]--
--Output from teste valor salário do dia em dias uteis com bonus de horas extras comum[2]--
--Output from teste valor salário do dia em dias uteis com bonus de horas extras comum[3]--
--Output from teste valor salário do dia em dias uteis com bonus de horas extras comum[4]--
--Output from teste valor salário do dia em dias uteis com bonus de horas extras comum[5]--
--Output from teste valor salário em domingos e feriados (dias nao uteis) com bonus de hora dobrada[0]--
--Output from teste valor salário em domingos e feriados (dias nao uteis) com bonus de hora dobrada[1]--
--Output from teste valor salário em domingos e feriados (dias nao uteis) com bonus de hora dobrada[2]--
--Output from teste valor salário em domingos e feriados (dias nao uteis) com bonus de hora dobrada[3]--
--Output from teste valor salário em domingos e feriados (dias nao uteis) com bonus de hora dobrada[4]--
--Output from teste valor salário em domingos e feriados (dias nao uteis) com bonus de hora dobrada[5]--
--Output from teste valor salário em dias uteis com bonus de hora extra comum e adicional noturno[0]--
--Output from teste valor salário em dias uteis com bonus de hora extra comum e adicional noturno[1]--
--Output from teste valor salário em dias uteis com bonus de hora extra comum e adicional noturno[2]--
--Output from teste valor salário em dias uteis com bonus de hora extra comum e adicional noturno[3]--
--Output from teste valor salário em dias uteis com bonus de hora extra comum e adicional noturno[4]--
--Output from teste valor salário em dias uteis com bonus de hora extra comum e adicional noturno[5]--
--Output from teste data de inicio do relatorio mensal[0]--
--Output from teste data de inicio do relatorio mensal[1]--
--Output from teste data final do relatorio mensal[0]--
--Output from teste data final do relatorio mensal[1]--
]]></system-out>

      <system-err><![CDATA[--Output from teste valor salário do dia em dias uteis com bonus de horas extras comum[0]--
--Output from teste valor salário do dia em dias uteis com bonus de horas extras comum[1]--
--Output from teste valor salário do dia em dias uteis com bonus de horas extras comum[2]--
--Output from teste valor salário do dia em dias uteis com bonus de horas extras comum[3]--
--Output from teste valor salário do dia em dias uteis com bonus de horas extras comum[4]--
--Output from teste valor salário do dia em dias uteis com bonus de horas extras comum[5]--
--Output from teste valor salário em domingos e feriados (dias nao uteis) com bonus de hora dobrada[0]--
--Output from teste valor salário em domingos e feriados (dias nao uteis) com bonus de hora dobrada[1]--
--Output from teste valor salário em domingos e feriados (dias nao uteis) com bonus de hora dobrada[2]--
--Output from teste valor salário em domingos e feriados (dias nao uteis) com bonus de hora dobrada[3]--
--Output from teste valor salário em domingos e feriados (dias nao uteis) com bonus de hora dobrada[4]--
--Output from teste valor salário em domingos e feriados (dias nao uteis) com bonus de hora dobrada[5]--
--Output from teste valor salário em dias uteis com bonus de hora extra comum e adicional noturno[0]--
--Output from teste valor salário em dias uteis com bonus de hora extra comum e adicional noturno[1]--
--Output from teste valor salário em dias uteis com bonus de hora extra comum e adicional noturno[2]--
--Output from teste valor salário em dias uteis com bonus de hora extra comum e adicional noturno[3]--
--Output from teste valor salário em dias uteis com bonus de hora extra comum e adicional noturno[4]--
--Output from teste valor salário em dias uteis com bonus de hora extra comum e adicional noturno[5]--
--Output from teste data de inicio do relatorio mensal[0]--
--Output from teste data de inicio do relatorio mensal[1]--
--Output from teste data final do relatorio mensal[0]--
--Output from teste data final do relatorio mensal[1]--
]]></system-err>

  </testsuite>
  <testsuite errors="0" failures="0" hostname="guthierrezsouza" id="3" name="SaldoHorasServiceSpec" package="controledeponto" tests="16" time="0.69" timestamp="2017-06-26T15:08:19">
      <properties />

      <testcase classname="controledeponto.SaldoHorasServiceSpec" name="teste geração registro diário de saldo de horas do funcionário" time="0.191" />

      <testcase classname="controledeponto.SaldoHorasServiceSpec" name="teste número horas trabalhadas no dia[0]" time="0.023" />

      <testcase classname="controledeponto.SaldoHorasServiceSpec" name="teste número horas trabalhadas no dia[1]" time="0.025" />

      <testcase classname="controledeponto.SaldoHorasServiceSpec" name="teste número horas trabalhadas no dia[2]" time="0.025" />

      <testcase classname="controledeponto.SaldoHorasServiceSpec" name="teste número horas trabalhadas no dia[3]" time="0.026" />

      <testcase classname="controledeponto.SaldoHorasServiceSpec" name="teste número horas trabalhadas no dia[4]" time="0.026" />

      <testcase classname="controledeponto.SaldoHorasServiceSpec" name="teste quantidade de horas esperadas para um determinado dia[0]" time="0.067" />

      <testcase classname="controledeponto.SaldoHorasServiceSpec" name="teste quantidade de horas esperadas para um determinado dia[1]" time="0.048" />

      <testcase classname="controledeponto.SaldoHorasServiceSpec" name="teste quantidade de horas esperadas para um determinado dia[2]" time="0.04" />

      <testcase classname="controledeponto.SaldoHorasServiceSpec" name="teste quantidade de horas esperadas para um feriado (simulando ser hoje)" time="0.035" />

      <testcase classname="controledeponto.SaldoHorasServiceSpec" name="teste se um determinado dia é um dia útil[0]" time="0.039" />

      <testcase classname="controledeponto.SaldoHorasServiceSpec" name="teste se um determinado dia é um dia útil[1]" time="0.028" />

      <testcase classname="controledeponto.SaldoHorasServiceSpec" name="teste se um determinado dia é um dia útil[2]" time="0.027" />

      <testcase classname="controledeponto.SaldoHorasServiceSpec" name="teste calculo número de datas entre periodo[0]" time="0.034" />

      <testcase classname="controledeponto.SaldoHorasServiceSpec" name="teste calculo número de datas entre periodo[1]" time="0.016" />

      <testcase classname="controledeponto.SaldoHorasServiceSpec" name="teste calculo número de datas entre periodo[2]" time="0.02" />

      <system-out><![CDATA[--Output from teste geração registro diário de saldo de horas do funcionário--
PT0S
PT0S
--Output from teste número horas trabalhadas no dia[0]--
--Output from teste número horas trabalhadas no dia[1]--
--Output from teste número horas trabalhadas no dia[2]--
--Output from teste número horas trabalhadas no dia[3]--
--Output from teste número horas trabalhadas no dia[4]--
--Output from teste quantidade de horas esperadas para um determinado dia[0]--
--Output from teste quantidade de horas esperadas para um determinado dia[1]--
--Output from teste quantidade de horas esperadas para um determinado dia[2]--
--Output from teste quantidade de horas esperadas para um feriado (simulando ser hoje)--
--Output from teste se um determinado dia é um dia útil[0]--
--Output from teste se um determinado dia é um dia útil[1]--
--Output from teste se um determinado dia é um dia útil[2]--
--Output from teste calculo número de datas entre periodo[0]--
--Output from teste calculo número de datas entre periodo[1]--
--Output from teste calculo número de datas entre periodo[2]--
]]></system-out>

      <system-err><![CDATA[--Output from teste geração registro diário de saldo de horas do funcionário--
--Output from teste número horas trabalhadas no dia[0]--
--Output from teste número horas trabalhadas no dia[1]--
--Output from teste número horas trabalhadas no dia[2]--
--Output from teste número horas trabalhadas no dia[3]--
--Output from teste número horas trabalhadas no dia[4]--
--Output from teste quantidade de horas esperadas para um determinado dia[0]--
--Output from teste quantidade de horas esperadas para um determinado dia[1]--
--Output from teste quantidade de horas esperadas para um determinado dia[2]--
--Output from teste quantidade de horas esperadas para um feriado (simulando ser hoje)--
--Output from teste se um determinado dia é um dia útil[0]--
--Output from teste se um determinado dia é um dia útil[1]--
--Output from teste se um determinado dia é um dia útil[2]--
--Output from teste calculo número de datas entre periodo[0]--
--Output from teste calculo número de datas entre periodo[1]--
--Output from teste calculo número de datas entre periodo[2]--
]]></system-err>

  </testsuite>
  <testsuite errors="0" failures="0" hostname="guthierrezsouza" id="4" name="SaldoHorasTagLibSpec" package="controledeponto" tests="13" time="1.46" timestamp="2017-06-26T15:08:17">
      <properties />

      <testcase classname="controledeponto.SaldoHorasTagLibSpec" name="teste conversão de horas em valor decimal para minutos e segundos[0]" time="1.372" />

      <testcase classname="controledeponto.SaldoHorasTagLibSpec" name="teste conversão de horas em valor decimal para minutos e segundos[1]" time="0.021" />

      <testcase classname="controledeponto.SaldoHorasTagLibSpec" name="teste conversão de horas em valor decimal para minutos e segundos[2]" time="0.005" />

      <testcase classname="controledeponto.SaldoHorasTagLibSpec" name="teste conversão de horas em valor decimal para minutos e segundos[3]" time="0.005" />

      <testcase classname="controledeponto.SaldoHorasTagLibSpec" name="teste conversão de horas em valor decimal para minutos e segundos[4]" time="0.005" />

      <testcase classname="controledeponto.SaldoHorasTagLibSpec" name="teste conversão de horas em valor decimal para minutos e segundos[5]" time="0.004" />

      <testcase classname="controledeponto.SaldoHorasTagLibSpec" name="teste conversão de horas em valor decimal para minutos e segundos[6]" time="0.004" />

      <testcase classname="controledeponto.SaldoHorasTagLibSpec" name="teste saldo horas em intervalo decimal para minutos e segundos[0]" time="0.006" />

      <testcase classname="controledeponto.SaldoHorasTagLibSpec" name="teste saldo horas em intervalo decimal para minutos e segundos[1]" time="0.004" />

      <testcase classname="controledeponto.SaldoHorasTagLibSpec" name="teste saldo horas em intervalo decimal para minutos e segundos[2]" time="0.006" />

      <testcase classname="controledeponto.SaldoHorasTagLibSpec" name="teste saldo horas em intervalo decimal para minutos e segundos[3]" time="0.007" />

      <testcase classname="controledeponto.SaldoHorasTagLibSpec" name="teste saldo horas em intervalo decimal para minutos e segundos[4]" time="0.005" />

      <testcase classname="controledeponto.SaldoHorasTagLibSpec" name="teste saldo horas em intervalo decimal para minutos e segundos[5]" time="0.004" />

      <system-out><![CDATA[--Output from teste conversão de horas em valor decimal para minutos e segundos[0]--
--Output from teste conversão de horas em valor decimal para minutos e segundos[1]--
--Output from teste conversão de horas em valor decimal para minutos e segundos[2]--
--Output from teste conversão de horas em valor decimal para minutos e segundos[3]--
--Output from teste conversão de horas em valor decimal para minutos e segundos[4]--
--Output from teste conversão de horas em valor decimal para minutos e segundos[5]--
--Output from teste conversão de horas em valor decimal para minutos e segundos[6]--
--Output from teste saldo horas em intervalo decimal para minutos e segundos[0]--
--Output from teste saldo horas em intervalo decimal para minutos e segundos[1]--
--Output from teste saldo horas em intervalo decimal para minutos e segundos[2]--
--Output from teste saldo horas em intervalo decimal para minutos e segundos[3]--
--Output from teste saldo horas em intervalo decimal para minutos e segundos[4]--
--Output from teste saldo horas em intervalo decimal para minutos e segundos[5]--
]]></system-out>

      <system-err><![CDATA[--Output from teste conversão de horas em valor decimal para minutos e segundos[0]--
--Output from teste conversão de horas em valor decimal para minutos e segundos[1]--
--Output from teste conversão de horas em valor decimal para minutos e segundos[2]--
--Output from teste conversão de horas em valor decimal para minutos e segundos[3]--
--Output from teste conversão de horas em valor decimal para minutos e segundos[4]--
--Output from teste conversão de horas em valor decimal para minutos e segundos[5]--
--Output from teste conversão de horas em valor decimal para minutos e segundos[6]--
--Output from teste saldo horas em intervalo decimal para minutos e segundos[0]--
--Output from teste saldo horas em intervalo decimal para minutos e segundos[1]--
--Output from teste saldo horas em intervalo decimal para minutos e segundos[2]--
--Output from teste saldo horas em intervalo decimal para minutos e segundos[3]--
--Output from teste saldo horas em intervalo decimal para minutos e segundos[4]--
--Output from teste saldo horas em intervalo decimal para minutos e segundos[5]--
]]></system-err>

  </testsuite>
</testsuites>
